2019-03-07 08:19:04,505 [1] INFO  ThreadChallenge.Program Hello, user
2019-03-07 08:19:32,544 [1] INFO  ThreadChallenge.Program Hello, user
2019-03-07 08:24:18,432 [1] ERROR ThreadChallenge.Program Hello, user
2019-03-07 08:49:42,174 [1] INFO  ThreadChallenge.Program Buenas tardes
2019-03-07 09:09:05,646 [1] INFO  LogSpace.LogManager bienvenidos
2019-03-07 11:18:51,329 [1] INFO  LogSpace.LogManager bienvenidos
2019-03-07 11:24:38,785 [1] ERROR LogSpace.LogManager La persona con id 13665 no pudo ser agregada
2019-03-07 11:24:44,456 [1] ERROR LogSpace.LogManager La persona con id 17502 no pudo ser agregada
2019-03-07 11:24:45,207 [1] ERROR LogSpace.LogManager La persona con id 26318 no pudo ser agregada
2019-03-07 11:24:46,129 [1] ERROR LogSpace.LogManager La persona con id 16067 no pudo ser agregada
2019-03-07 11:24:47,101 [1] ERROR LogSpace.LogManager La persona con id 25960 no pudo ser agregada
2019-03-07 11:24:48,135 [1] ERROR LogSpace.LogManager La persona con id 24930 no pudo ser agregada
2019-03-07 11:24:48,844 [1] ERROR LogSpace.LogManager La persona con id 29310 no pudo ser agregada
2019-03-07 11:24:49,193 [1] ERROR LogSpace.LogManager La persona con id 24788 no pudo ser agregada
2019-03-07 11:24:49,460 [1] ERROR LogSpace.LogManager La persona con id 16574 no pudo ser agregada
2019-03-07 11:24:49,683 [1] ERROR LogSpace.LogManager La persona con id 25222 no pudo ser agregada
2019-03-07 11:24:49,910 [1] ERROR LogSpace.LogManager La persona con id 13487 no pudo ser agregada
2019-03-07 11:24:50,082 [1] ERROR LogSpace.LogManager La persona con id 24285 no pudo ser agregada
2019-03-08 16:58:50,251 [1] ERROR LogSpace.LogManager La persona con id 13665 no pudo ser agregada
2019-03-08 16:59:04,874 [1] ERROR LogSpace.LogManager La persona con id 17502 no pudo ser agregada
2019-03-08 16:59:05,663 [1] ERROR LogSpace.LogManager La persona con id 26318 no pudo ser agregada
2019-03-08 16:59:06,415 [1] ERROR LogSpace.LogManager La persona con id 16067 no pudo ser agregada
2019-03-08 16:59:06,655 [1] ERROR LogSpace.LogManager La persona con id 25960 no pudo ser agregada
2019-03-08 16:59:06,847 [1] ERROR LogSpace.LogManager La persona con id 24930 no pudo ser agregada
2019-03-08 16:59:07,056 [1] ERROR LogSpace.LogManager La persona con id 29310 no pudo ser agregada
2019-03-08 16:59:07,258 [1] ERROR LogSpace.LogManager La persona con id 24788 no pudo ser agregada
2019-03-08 16:59:07,599 [1] ERROR LogSpace.LogManager La persona con id 16574 no pudo ser agregada
2019-03-08 16:59:07,951 [1] ERROR LogSpace.LogManager La persona con id 25222 no pudo ser agregada
2019-03-08 16:59:08,317 [1] ERROR LogSpace.LogManager La persona con id 13487 no pudo ser agregada
2019-03-08 16:59:08,652 [1] ERROR LogSpace.LogManager La persona con id 24285 no pudo ser agregada
2019-03-08 17:06:41,920 [1] ERROR LogSpace.LogManager La persona con id 13665 no pudo ser agregada
2019-03-08 17:06:44,200 [1] ERROR LogSpace.LogManager La persona con id 17502 no pudo ser agregada
2019-03-08 17:06:44,271 [1] ERROR LogSpace.LogManager La persona con id 26318 no pudo ser agregada
2019-03-08 17:06:44,491 [1] ERROR LogSpace.LogManager La persona con id 16067 no pudo ser agregada
2019-03-08 17:06:44,575 [1] ERROR LogSpace.LogManager La persona con id 25960 no pudo ser agregada
2019-03-08 17:06:44,779 [1] ERROR LogSpace.LogManager La persona con id 24930 no pudo ser agregada
2019-03-08 17:06:44,849 [1] ERROR LogSpace.LogManager La persona con id 29310 no pudo ser agregada
2019-03-08 17:06:45,060 [1] ERROR LogSpace.LogManager La persona con id 24788 no pudo ser agregada
2019-03-08 17:06:45,128 [1] ERROR LogSpace.LogManager La persona con id 16574 no pudo ser agregada
2019-03-08 17:06:45,329 [1] ERROR LogSpace.LogManager La persona con id 25222 no pudo ser agregada
2019-03-08 17:06:45,409 [1] ERROR LogSpace.LogManager La persona con id 13487 no pudo ser agregada
2019-03-08 17:06:45,547 [1] ERROR LogSpace.LogManager La persona con id 24285 no pudo ser agregada
